2019-08-30 09:13:27,079 |jsse-nio-8443-exec-5 |CategoryServices              |E| null
2019-08-30 14:35:15,465 |jsse-nio-8443-exec-2 |CategoryServices              |E| null
2019-08-30 14:35:52,565 |jsse-nio-8443-exec-7 |TransactionUtil               |E| Rollback Only was set when trying to commit transaction here; throwing rollbackOnly cause exception
javax.transaction.RollbackException: Unable to commit: transaction marked for rollback
	at org.apache.geronimo.transaction.manager.TransactionImpl.commit(TransactionImpl.java:272) ~[geronimo-transaction-3.1.4.jar:3.1.4]
	at org.apache.geronimo.transaction.manager.TransactionManagerImpl.commit(TransactionManagerImpl.java:252) ~[geronimo-transaction-3.1.4.jar:3.1.4]
	at org.apache.ofbiz.entity.transaction.TransactionUtil.commit(TransactionUtil.java:240) [ofbiz.jar:?]
	at org.apache.ofbiz.entity.transaction.TransactionUtil.commit(TransactionUtil.java:226) [ofbiz.jar:?]
	at org.apache.ofbiz.webapp.event.JavaEventHandler.invoke(JavaEventHandler.java:104) [ofbiz.jar:?]
	at org.apache.ofbiz.webapp.control.RequestHandler.runEvent(RequestHandler.java:776) [ofbiz.jar:?]
	at org.apache.ofbiz.webapp.control.RequestHandler.doRequest(RequestHandler.java:499) [ofbiz.jar:?]
	at org.apache.ofbiz.webapp.control.ControlServlet.doGet(ControlServlet.java:212) [ofbiz.jar:?]
	at org.apache.ofbiz.webapp.control.ControlServlet.doPost(ControlServlet.java:85) [ofbiz.jar:?]
	at javax.servlet.http.HttpServlet.service(HttpServlet.java:665) [javax.servlet-api-4.0.1.jar:4.0.1]
	at javax.servlet.http.HttpServlet.service(HttpServlet.java:750) [javax.servlet-api-4.0.1.jar:4.0.1]
	at org.apache.catalina.core.ApplicationFilterChain.internalDoFilter(ApplicationFilterChain.java:231) [tomcat-catalina-9.0.16.jar:9.0.16]
	at org.apache.catalina.core.ApplicationFilterChain.doFilter(ApplicationFilterChain.java:166) [tomcat-catalina-9.0.16.jar:9.0.16]
	at org.apache.ofbiz.webapp.control.ContextFilter.doFilter(ContextFilter.java:191) [ofbiz.jar:?]
	at org.apache.catalina.core.ApplicationFilterChain.internalDoFilter(ApplicationFilterChain.java:193) [tomcat-catalina-9.0.16.jar:9.0.16]
	at org.apache.catalina.core.ApplicationFilterChain.doFilter(ApplicationFilterChain.java:166) [tomcat-catalina-9.0.16.jar:9.0.16]
	at org.apache.ofbiz.webapp.control.ControlFilter.doFilter(ControlFilter.java:156) [ofbiz.jar:?]
	at javax.servlet.http.HttpFilter.doFilter(HttpFilter.java:127) [javax.servlet-api-4.0.1.jar:4.0.1]
	at org.apache.catalina.core.ApplicationFilterChain.internalDoFilter(ApplicationFilterChain.java:193) [tomcat-catalina-9.0.16.jar:9.0.16]
	at org.apache.catalina.core.ApplicationFilterChain.doFilter(ApplicationFilterChain.java:166) [tomcat-catalina-9.0.16.jar:9.0.16]
	at org.apache.catalina.core.StandardWrapperValve.invoke(StandardWrapperValve.java:200) [tomcat-catalina-9.0.16.jar:9.0.16]
	at org.apache.catalina.core.StandardContextValve.invoke(StandardContextValve.java:96) [tomcat-catalina-9.0.16.jar:9.0.16]
	at org.apache.catalina.authenticator.AuthenticatorBase.invoke(AuthenticatorBase.java:490) [tomcat-catalina-9.0.16.jar:9.0.16]
	at org.apache.catalina.core.StandardHostValve.invoke(StandardHostValve.java:139) [tomcat-catalina-9.0.16.jar:9.0.16]
	at org.apache.catalina.valves.ErrorReportValve.invoke(ErrorReportValve.java:92) [tomcat-catalina-9.0.16.jar:9.0.16]
	at org.apache.catalina.core.StandardEngineValve.invoke(StandardEngineValve.java:74) [tomcat-catalina-9.0.16.jar:9.0.16]
	at org.apache.catalina.valves.AbstractAccessLogValve.invoke(AbstractAccessLogValve.java:668) [tomcat-catalina-9.0.16.jar:9.0.16]
	at org.apache.catalina.connector.CoyoteAdapter.service(CoyoteAdapter.java:343) [tomcat-catalina-9.0.16.jar:9.0.16]
	at org.apache.coyote.http11.Http11Processor.service(Http11Processor.java:408) [tomcat-coyote-9.0.16.jar:9.0.16]
	at org.apache.coyote.AbstractProcessorLight.process(AbstractProcessorLight.java:66) [tomcat-coyote-9.0.16.jar:9.0.16]
	at org.apache.coyote.AbstractProtocol$ConnectionHandler.process(AbstractProtocol.java:834) [tomcat-coyote-9.0.16.jar:9.0.16]
	at org.apache.tomcat.util.net.NioEndpoint$SocketProcessor.doRun(NioEndpoint.java:1415) [tomcat-coyote-9.0.16.jar:9.0.16]
	at org.apache.tomcat.util.net.SocketProcessorBase.run(SocketProcessorBase.java:49) [tomcat-coyote-9.0.16.jar:9.0.16]
	at java.util.concurrent.ThreadPoolExecutor.runWorker(ThreadPoolExecutor.java:1149) [?:1.8.0_181]
	at java.util.concurrent.ThreadPoolExecutor$Worker.run(ThreadPoolExecutor.java:624) [?:1.8.0_181]
	at org.apache.tomcat.util.threads.TaskThread$WrappingRunnable.run(TaskThread.java:61) [tomcat-util-9.0.16.jar:9.0.16]
	at java.lang.Thread.run(Thread.java:748) [?:1.8.0_181]
Caused by: org.apache.geronimo.transaction.manager.SetRollbackOnlyException: setRollbackOnly() called.  See stacktrace for origin
	at org.apache.geronimo.transaction.manager.TransactionImpl.setRollbackOnly(TransactionImpl.java:126) ~[geronimo-transaction-3.1.4.jar:3.1.4]
	at org.apache.geronimo.transaction.manager.TransactionManagerImpl.setRollbackOnly(TransactionManagerImpl.java:243) ~[geronimo-transaction-3.1.4.jar:3.1.4]
	at org.apache.ofbiz.entity.transaction.TransactionUtil.setRollbackOnly(TransactionUtil.java:360) ~[ofbiz.jar:?]
	at org.apache.ofbiz.entity.transaction.TransactionUtil.rollback(TransactionUtil.java:292) ~[ofbiz.jar:?]
	at org.apache.ofbiz.service.ServiceDispatcher.runSync(ServiceDispatcher.java:537) ~[ofbiz.jar:?]
	at org.apache.ofbiz.service.ServiceDispatcher.runSync(ServiceDispatcher.java:240) ~[ofbiz.jar:?]
	at org.apache.ofbiz.service.GenericDispatcherFactory$GenericDispatcher.runSync(GenericDispatcherFactory.java:88) ~[ofbiz.jar:?]
	at org.apache.ofbiz.webapp.event.CoreEvents.scheduleService(CoreEvents.java:331) ~[ofbiz.jar:?]
	at sun.reflect.NativeMethodAccessorImpl.invoke0(Native Method) ~[?:1.8.0_181]
	at sun.reflect.NativeMethodAccessorImpl.invoke(NativeMethodAccessorImpl.java:62) ~[?:1.8.0_181]
	at sun.reflect.DelegatingMethodAccessorImpl.invoke(DelegatingMethodAccessorImpl.java:43) ~[?:1.8.0_181]
	at java.lang.reflect.Method.invoke(Method.java:498) ~[?:1.8.0_181]
	at org.apache.ofbiz.webapp.event.JavaEventHandler.invoke(JavaEventHandler.java:86) ~[ofbiz.jar:?]
	... 32 more
2019-08-30 14:35:52,566 |jsse-nio-8443-exec-7 |JavaEventHandler              |E| null
org.apache.ofbiz.entity.transaction.GenericTransactionException: Roll back error, could not commit transaction, was rolled back instead because of: Service [importParty] threw an unexpected exception/errororg.apache.ofbiz.service.GenericServiceException: Service [importParty] target threw an unexpected exception (Sheet index (1) is out of range (0..0)) (Service [importParty] target threw an unexpected exception (Sheet index (1) is out of range (0..0)))
	at org.apache.ofbiz.entity.transaction.TransactionUtil.commit(TransactionUtil.java:262) ~[ofbiz.jar:?]
	at org.apache.ofbiz.entity.transaction.TransactionUtil.commit(TransactionUtil.java:226) ~[ofbiz.jar:?]
	at org.apache.ofbiz.webapp.event.JavaEventHandler.invoke(JavaEventHandler.java:104) [ofbiz.jar:?]
	at org.apache.ofbiz.webapp.control.RequestHandler.runEvent(RequestHandler.java:776) [ofbiz.jar:?]
	at org.apache.ofbiz.webapp.control.RequestHandler.doRequest(RequestHandler.java:499) [ofbiz.jar:?]
	at org.apache.ofbiz.webapp.control.ControlServlet.doGet(ControlServlet.java:212) [ofbiz.jar:?]
	at org.apache.ofbiz.webapp.control.ControlServlet.doPost(ControlServlet.java:85) [ofbiz.jar:?]
	at javax.servlet.http.HttpServlet.service(HttpServlet.java:665) [javax.servlet-api-4.0.1.jar:4.0.1]
	at javax.servlet.http.HttpServlet.service(HttpServlet.java:750) [javax.servlet-api-4.0.1.jar:4.0.1]
	at org.apache.catalina.core.ApplicationFilterChain.internalDoFilter(ApplicationFilterChain.java:231) [tomcat-catalina-9.0.16.jar:9.0.16]
	at org.apache.catalina.core.ApplicationFilterChain.doFilter(ApplicationFilterChain.java:166) [tomcat-catalina-9.0.16.jar:9.0.16]
	at org.apache.ofbiz.webapp.control.ContextFilter.doFilter(ContextFilter.java:191) [ofbiz.jar:?]
	at org.apache.catalina.core.ApplicationFilterChain.internalDoFilter(ApplicationFilterChain.java:193) [tomcat-catalina-9.0.16.jar:9.0.16]
	at org.apache.catalina.core.ApplicationFilterChain.doFilter(ApplicationFilterChain.java:166) [tomcat-catalina-9.0.16.jar:9.0.16]
	at org.apache.ofbiz.webapp.control.ControlFilter.doFilter(ControlFilter.java:156) [ofbiz.jar:?]
	at javax.servlet.http.HttpFilter.doFilter(HttpFilter.java:127) [javax.servlet-api-4.0.1.jar:4.0.1]
	at org.apache.catalina.core.ApplicationFilterChain.internalDoFilter(ApplicationFilterChain.java:193) [tomcat-catalina-9.0.16.jar:9.0.16]
	at org.apache.catalina.core.ApplicationFilterChain.doFilter(ApplicationFilterChain.java:166) [tomcat-catalina-9.0.16.jar:9.0.16]
	at org.apache.catalina.core.StandardWrapperValve.invoke(StandardWrapperValve.java:200) [tomcat-catalina-9.0.16.jar:9.0.16]
	at org.apache.catalina.core.StandardContextValve.invoke(StandardContextValve.java:96) [tomcat-catalina-9.0.16.jar:9.0.16]
	at org.apache.catalina.authenticator.AuthenticatorBase.invoke(AuthenticatorBase.java:490) [tomcat-catalina-9.0.16.jar:9.0.16]
	at org.apache.catalina.core.StandardHostValve.invoke(StandardHostValve.java:139) [tomcat-catalina-9.0.16.jar:9.0.16]
	at org.apache.catalina.valves.ErrorReportValve.invoke(ErrorReportValve.java:92) [tomcat-catalina-9.0.16.jar:9.0.16]
	at org.apache.catalina.core.StandardEngineValve.invoke(StandardEngineValve.java:74) [tomcat-catalina-9.0.16.jar:9.0.16]
	at org.apache.catalina.valves.AbstractAccessLogValve.invoke(AbstractAccessLogValve.java:668) [tomcat-catalina-9.0.16.jar:9.0.16]
	at org.apache.catalina.connector.CoyoteAdapter.service(CoyoteAdapter.java:343) [tomcat-catalina-9.0.16.jar:9.0.16]
	at org.apache.coyote.http11.Http11Processor.service(Http11Processor.java:408) [tomcat-coyote-9.0.16.jar:9.0.16]
	at org.apache.coyote.AbstractProcessorLight.process(AbstractProcessorLight.java:66) [tomcat-coyote-9.0.16.jar:9.0.16]
	at org.apache.coyote.AbstractProtocol$ConnectionHandler.process(AbstractProtocol.java:834) [tomcat-coyote-9.0.16.jar:9.0.16]
	at org.apache.tomcat.util.net.NioEndpoint$SocketProcessor.doRun(NioEndpoint.java:1415) [tomcat-coyote-9.0.16.jar:9.0.16]
	at org.apache.tomcat.util.net.SocketProcessorBase.run(SocketProcessorBase.java:49) [tomcat-coyote-9.0.16.jar:9.0.16]
	at java.util.concurrent.ThreadPoolExecutor.runWorker(ThreadPoolExecutor.java:1149) [?:1.8.0_181]
	at java.util.concurrent.ThreadPoolExecutor$Worker.run(ThreadPoolExecutor.java:624) [?:1.8.0_181]
	at org.apache.tomcat.util.threads.TaskThread$WrappingRunnable.run(TaskThread.java:61) [tomcat-util-9.0.16.jar:9.0.16]
	at java.lang.Thread.run(Thread.java:748) [?:1.8.0_181]
Caused by: org.apache.ofbiz.service.GenericServiceException: Service [importParty] target threw an unexpected exception (Sheet index (1) is out of range (0..0))
	at org.apache.ofbiz.service.engine.StandardJavaEngine.serviceInvoker(StandardJavaEngine.java:115) ~[ofbiz.jar:?]
	at org.apache.ofbiz.service.engine.StandardJavaEngine.runSync(StandardJavaEngine.java:57) ~[ofbiz.jar:?]
	at org.apache.ofbiz.service.ServiceDispatcher.runSync(ServiceDispatcher.java:415) ~[ofbiz.jar:?]
	at org.apache.ofbiz.service.ServiceDispatcher.runSync(ServiceDispatcher.java:240) ~[ofbiz.jar:?]
	at org.apache.ofbiz.service.GenericDispatcherFactory$GenericDispatcher.runSync(GenericDispatcherFactory.java:88) ~[ofbiz.jar:?]
	at org.apache.ofbiz.webapp.event.CoreEvents.scheduleService(CoreEvents.java:331) ~[ofbiz.jar:?]
	at sun.reflect.NativeMethodAccessorImpl.invoke0(Native Method) ~[?:1.8.0_181]
	at sun.reflect.NativeMethodAccessorImpl.invoke(NativeMethodAccessorImpl.java:62) ~[?:1.8.0_181]
	at sun.reflect.DelegatingMethodAccessorImpl.invoke(DelegatingMethodAccessorImpl.java:43) ~[?:1.8.0_181]
	at java.lang.reflect.Method.invoke(Method.java:498) ~[?:1.8.0_181]
	at org.apache.ofbiz.webapp.event.JavaEventHandler.invoke(JavaEventHandler.java:86) ~[ofbiz.jar:?]
	... 32 more
Caused by: java.lang.IllegalArgumentException: Sheet index (1) is out of range (0..0)
	at org.apache.poi.xssf.usermodel.XSSFWorkbook.validateSheetIndex(XSSFWorkbook.java:1474) ~[poi-ooxml-4.0.1.jar:4.0.1]
	at org.apache.poi.xssf.usermodel.XSSFWorkbook.getSheetAt(XSSFWorkbook.java:1150) ~[poi-ooxml-4.0.1.jar:4.0.1]
	at org.apache.poi.xssf.usermodel.XSSFWorkbook.getSheetAt(XSSFWorkbook.java:122) ~[poi-ooxml-4.0.1.jar:4.0.1]
	at com.patanjali.order.ImportParty.importParty(ImportParty.java:39) ~[ofbiz.jar:?]
	at sun.reflect.NativeMethodAccessorImpl.invoke0(Native Method) ~[?:1.8.0_181]
	at sun.reflect.NativeMethodAccessorImpl.invoke(NativeMethodAccessorImpl.java:62) ~[?:1.8.0_181]
	at sun.reflect.DelegatingMethodAccessorImpl.invoke(DelegatingMethodAccessorImpl.java:43) ~[?:1.8.0_181]
	at java.lang.reflect.Method.invoke(Method.java:498) ~[?:1.8.0_181]
	at org.apache.ofbiz.service.engine.StandardJavaEngine.serviceInvoker(StandardJavaEngine.java:100) ~[ofbiz.jar:?]
	at org.apache.ofbiz.service.engine.StandardJavaEngine.runSync(StandardJavaEngine.java:57) ~[ofbiz.jar:?]
	at org.apache.ofbiz.service.ServiceDispatcher.runSync(ServiceDispatcher.java:415) ~[ofbiz.jar:?]
	at org.apache.ofbiz.service.ServiceDispatcher.runSync(ServiceDispatcher.java:240) ~[ofbiz.jar:?]
	at org.apache.ofbiz.service.GenericDispatcherFactory$GenericDispatcher.runSync(GenericDispatcherFactory.java:88) ~[ofbiz.jar:?]
	at org.apache.ofbiz.webapp.event.CoreEvents.scheduleService(CoreEvents.java:331) ~[ofbiz.jar:?]
	at sun.reflect.NativeMethodAccessorImpl.invoke0(Native Method) ~[?:1.8.0_181]
	at sun.reflect.NativeMethodAccessorImpl.invoke(NativeMethodAccessorImpl.java:62) ~[?:1.8.0_181]
	at sun.reflect.DelegatingMethodAccessorImpl.invoke(DelegatingMethodAccessorImpl.java:43) ~[?:1.8.0_181]
	at java.lang.reflect.Method.invoke(Method.java:498) ~[?:1.8.0_181]
	at org.apache.ofbiz.webapp.event.JavaEventHandler.invoke(JavaEventHandler.java:86) ~[ofbiz.jar:?]
	... 32 more
2019-08-30 14:35:52,571 |jsse-nio-8443-exec-7 |RequestHandler                |E| Request scheduleServiceSync caused an error with the following message: Service dispatcher threw an exception:Service [importParty] target threw an unexpected exception (Sheet index (1) is out of range (0..0))
2019-08-30 14:46:32,751 |jsse-nio-8443-exec-4 |GenericDelegator              |E| Failure in create operation for entity [Party]: org.apache.ofbiz.entity.GenericEntityException: Error while inserting: [GenericEntity:Party][createdStamp,2019-08-30 14:46:32.711(java.sql.Timestamp)][createdTxStamp,2019-08-30 14:46:32.207(java.sql.Timestamp)][lastUpdatedStamp,2019-08-30 14:46:32.711(java.sql.Timestamp)][lastUpdatedTxStamp,2019-08-30 14:46:32.207(java.sql.Timestamp)][partyId,10000(java.lang.String)][partyTypeId,PARTY_GROUP(java.lang.String)] (SQL Exception while executing the following:INSERT INTO public.PARTY (PARTY_ID, PARTY_TYPE_ID, EXTERNAL_ID, PREFERRED_CURRENCY_UOM_ID, DESCRIPTION, STATUS_ID, CREATED_DATE, CREATED_BY_USER_LOGIN, LAST_MODIFIED_DATE, LAST_MODIFIED_BY_USER_LOGIN, DATA_SOURCE_ID, IS_UNREAD, LAST_UPDATED_STAMP, LAST_UPDATED_TX_STAMP, CREATED_STAMP, CREATED_TX_STAMP) VALUES (?, ?, ?, ?, ?, ?, ?, ?, ?, ?, ?, ?, ?, ?, ?, ?) (ERROR: duplicate key value violates unique constraint "pk_party"
  Detail: Key (party_id)=(10000) already exists.)). Rolling back transaction.
2019-08-30 14:46:32,765 |jsse-nio-8443-exec-4 |GenericDelegator              |E| Failure in create operation for entity [PartyRole]: org.apache.ofbiz.entity.transaction.GenericTransactionException: The current transaction is marked for rollback, not beginning a new transaction and aborting current operation; the rollbackOnly was caused by: rollback called in Entity Engine SQLProcessorjava.lang.Exception: Current Location Stack (Current Location Stack). Rolling back transaction.
2019-08-30 14:46:32,770 |jsse-nio-8443-exec-4 |GenericDelegator              |E| Failure in create operation for entity [PartyGroup]: org.apache.ofbiz.entity.transaction.GenericTransactionException: The current transaction is marked for rollback, not beginning a new transaction and aborting current operation; the rollbackOnly was caused by: rollback called in Entity Engine SQLProcessorjava.lang.Exception: Current Location Stack (Current Location Stack). Rolling back transaction.
2019-08-30 14:46:32,771 |jsse-nio-8443-exec-4 |GenericDelegator              |E| Failure in create operation for entity [Party]: org.apache.ofbiz.entity.transaction.GenericTransactionException: The current transaction is marked for rollback, not beginning a new transaction and aborting current operation; the rollbackOnly was caused by: rollback called in Entity Engine SQLProcessorjava.lang.Exception: Current Location Stack (Current Location Stack). Rolling back transaction.
2019-08-30 14:46:32,773 |jsse-nio-8443-exec-4 |GenericDelegator              |E| Failure in create operation for entity [PartyRole]: org.apache.ofbiz.entity.transaction.GenericTransactionException: The current transaction is marked for rollback, not beginning a new transaction and aborting current operation; the rollbackOnly was caused by: rollback called in Entity Engine SQLProcessorjava.lang.Exception: Current Location Stack (Current Location Stack). Rolling back transaction.
2019-08-30 14:46:32,774 |jsse-nio-8443-exec-4 |GenericDelegator              |E| Failure in create operation for entity [PartyGroup]: org.apache.ofbiz.entity.transaction.GenericTransactionException: The current transaction is marked for rollback, not beginning a new transaction and aborting current operation; the rollbackOnly was caused by: rollback called in Entity Engine SQLProcessorjava.lang.Exception: Current Location Stack (Current Location Stack). Rolling back transaction.
2019-08-30 14:46:32,775 |jsse-nio-8443-exec-4 |GenericDelegator              |E| Failure in create operation for entity [Party]: org.apache.ofbiz.entity.transaction.GenericTransactionException: The current transaction is marked for rollback, not beginning a new transaction and aborting current operation; the rollbackOnly was caused by: rollback called in Entity Engine SQLProcessorjava.lang.Exception: Current Location Stack (Current Location Stack). Rolling back transaction.
2019-08-30 14:46:32,776 |jsse-nio-8443-exec-4 |GenericDelegator              |E| Failure in create operation for entity [PartyRole]: org.apache.ofbiz.entity.transaction.GenericTransactionException: The current transaction is marked for rollback, not beginning a new transaction and aborting current operation; the rollbackOnly was caused by: rollback called in Entity Engine SQLProcessorjava.lang.Exception: Current Location Stack (Current Location Stack). Rolling back transaction.
2019-08-30 14:46:32,778 |jsse-nio-8443-exec-4 |GenericDelegator              |E| Failure in create operation for entity [PartyGroup]: org.apache.ofbiz.entity.transaction.GenericTransactionException: The current transaction is marked for rollback, not beginning a new transaction and aborting current operation; the rollbackOnly was caused by: rollback called in Entity Engine SQLProcessorjava.lang.Exception: Current Location Stack (Current Location Stack). Rolling back transaction.
2019-08-30 14:46:32,779 |jsse-nio-8443-exec-4 |GenericDelegator              |E| Failure in create operation for entity [Party]: org.apache.ofbiz.entity.transaction.GenericTransactionException: The current transaction is marked for rollback, not beginning a new transaction and aborting current operation; the rollbackOnly was caused by: rollback called in Entity Engine SQLProcessorjava.lang.Exception: Current Location Stack (Current Location Stack). Rolling back transaction.
2019-08-30 14:46:32,796 |jsse-nio-8443-exec-4 |GenericDelegator              |E| Failure in create operation for entity [PartyRole]: org.apache.ofbiz.entity.transaction.GenericTransactionException: The current transaction is marked for rollback, not beginning a new transaction and aborting current operation; the rollbackOnly was caused by: rollback called in Entity Engine SQLProcessorjava.lang.Exception: Current Location Stack (Current Location Stack). Rolling back transaction.
2019-08-30 14:46:32,797 |jsse-nio-8443-exec-4 |GenericDelegator              |E| Failure in create operation for entity [PartyGroup]: org.apache.ofbiz.entity.transaction.GenericTransactionException: The current transaction is marked for rollback, not beginning a new transaction and aborting current operation; the rollbackOnly was caused by: rollback called in Entity Engine SQLProcessorjava.lang.Exception: Current Location Stack (Current Location Stack). Rolling back transaction.
2019-08-30 14:46:32,799 |jsse-nio-8443-exec-4 |GenericDelegator              |E| Failure in create operation for entity [Party]: org.apache.ofbiz.entity.transaction.GenericTransactionException: The current transaction is marked for rollback, not beginning a new transaction and aborting current operation; the rollbackOnly was caused by: rollback called in Entity Engine SQLProcessorjava.lang.Exception: Current Location Stack (Current Location Stack). Rolling back transaction.
2019-08-30 14:46:32,809 |jsse-nio-8443-exec-4 |GenericDelegator              |E| Failure in create operation for entity [PartyRole]: org.apache.ofbiz.entity.transaction.GenericTransactionException: The current transaction is marked for rollback, not beginning a new transaction and aborting current operation; the rollbackOnly was caused by: rollback called in Entity Engine SQLProcessorjava.lang.Exception: Current Location Stack (Current Location Stack). Rolling back transaction.
2019-08-30 14:46:32,810 |jsse-nio-8443-exec-4 |GenericDelegator              |E| Failure in create operation for entity [PartyGroup]: org.apache.ofbiz.entity.transaction.GenericTransactionException: The current transaction is marked for rollback, not beginning a new transaction and aborting current operation; the rollbackOnly was caused by: rollback called in Entity Engine SQLProcessorjava.lang.Exception: Current Location Stack (Current Location Stack). Rolling back transaction.
2019-08-30 14:46:32,900 |jsse-nio-8443-exec-4 |TransactionUtil               |E| Rollback Only was set when trying to commit transaction here; throwing rollbackOnly cause exception
javax.transaction.RollbackException: Unable to commit: transaction marked for rollback
	at org.apache.geronimo.transaction.manager.TransactionImpl.commit(TransactionImpl.java:272) ~[geronimo-transaction-3.1.4.jar:3.1.4]
	at org.apache.geronimo.transaction.manager.TransactionManagerImpl.commit(TransactionManagerImpl.java:252) ~[geronimo-transaction-3.1.4.jar:3.1.4]
	at org.apache.ofbiz.entity.transaction.TransactionUtil.commit(TransactionUtil.java:240) [ofbiz.jar:?]
	at org.apache.ofbiz.entity.transaction.TransactionUtil.commit(TransactionUtil.java:226) [ofbiz.jar:?]
	at org.apache.ofbiz.webapp.event.JavaEventHandler.invoke(JavaEventHandler.java:104) [ofbiz.jar:?]
	at org.apache.ofbiz.webapp.control.RequestHandler.runEvent(RequestHandler.java:776) [ofbiz.jar:?]
	at org.apache.ofbiz.webapp.control.RequestHandler.doRequest(RequestHandler.java:499) [ofbiz.jar:?]
	at org.apache.ofbiz.webapp.control.ControlServlet.doGet(ControlServlet.java:212) [ofbiz.jar:?]
	at org.apache.ofbiz.webapp.control.ControlServlet.doPost(ControlServlet.java:85) [ofbiz.jar:?]
	at javax.servlet.http.HttpServlet.service(HttpServlet.java:665) [javax.servlet-api-4.0.1.jar:4.0.1]
	at javax.servlet.http.HttpServlet.service(HttpServlet.java:750) [javax.servlet-api-4.0.1.jar:4.0.1]
	at org.apache.catalina.core.ApplicationFilterChain.internalDoFilter(ApplicationFilterChain.java:231) [tomcat-catalina-9.0.16.jar:9.0.16]
	at org.apache.catalina.core.ApplicationFilterChain.doFilter(ApplicationFilterChain.java:166) [tomcat-catalina-9.0.16.jar:9.0.16]
	at org.apache.ofbiz.webapp.control.ContextFilter.doFilter(ContextFilter.java:191) [ofbiz.jar:?]
	at org.apache.catalina.core.ApplicationFilterChain.internalDoFilter(ApplicationFilterChain.java:193) [tomcat-catalina-9.0.16.jar:9.0.16]
	at org.apache.catalina.core.ApplicationFilterChain.doFilter(ApplicationFilterChain.java:166) [tomcat-catalina-9.0.16.jar:9.0.16]
	at org.apache.ofbiz.webapp.control.ControlFilter.doFilter(ControlFilter.java:156) [ofbiz.jar:?]
	at javax.servlet.http.HttpFilter.doFilter(HttpFilter.java:127) [javax.servlet-api-4.0.1.jar:4.0.1]
	at org.apache.catalina.core.ApplicationFilterChain.internalDoFilter(ApplicationFilterChain.java:193) [tomcat-catalina-9.0.16.jar:9.0.16]
	at org.apache.catalina.core.ApplicationFilterChain.doFilter(ApplicationFilterChain.java:166) [tomcat-catalina-9.0.16.jar:9.0.16]
	at org.apache.catalina.core.StandardWrapperValve.invoke(StandardWrapperValve.java:200) [tomcat-catalina-9.0.16.jar:9.0.16]
	at org.apache.catalina.core.StandardContextValve.invoke(StandardContextValve.java:96) [tomcat-catalina-9.0.16.jar:9.0.16]
	at org.apache.catalina.authenticator.AuthenticatorBase.invoke(AuthenticatorBase.java:490) [tomcat-catalina-9.0.16.jar:9.0.16]
	at org.apache.catalina.core.StandardHostValve.invoke(StandardHostValve.java:139) [tomcat-catalina-9.0.16.jar:9.0.16]
	at org.apache.catalina.valves.ErrorReportValve.invoke(ErrorReportValve.java:92) [tomcat-catalina-9.0.16.jar:9.0.16]
	at org.apache.catalina.core.StandardEngineValve.invoke(StandardEngineValve.java:74) [tomcat-catalina-9.0.16.jar:9.0.16]
	at org.apache.catalina.valves.AbstractAccessLogValve.invoke(AbstractAccessLogValve.java:668) [tomcat-catalina-9.0.16.jar:9.0.16]
	at org.apache.catalina.connector.CoyoteAdapter.service(CoyoteAdapter.java:343) [tomcat-catalina-9.0.16.jar:9.0.16]
	at org.apache.coyote.http11.Http11Processor.service(Http11Processor.java:408) [tomcat-coyote-9.0.16.jar:9.0.16]
	at org.apache.coyote.AbstractProcessorLight.process(AbstractProcessorLight.java:66) [tomcat-coyote-9.0.16.jar:9.0.16]
	at org.apache.coyote.AbstractProtocol$ConnectionHandler.process(AbstractProtocol.java:834) [tomcat-coyote-9.0.16.jar:9.0.16]
	at org.apache.tomcat.util.net.NioEndpoint$SocketProcessor.doRun(NioEndpoint.java:1415) [tomcat-coyote-9.0.16.jar:9.0.16]
	at org.apache.tomcat.util.net.SocketProcessorBase.run(SocketProcessorBase.java:49) [tomcat-coyote-9.0.16.jar:9.0.16]
	at java.util.concurrent.ThreadPoolExecutor.runWorker(ThreadPoolExecutor.java:1149) [?:1.8.0_181]
	at java.util.concurrent.ThreadPoolExecutor$Worker.run(ThreadPoolExecutor.java:624) [?:1.8.0_181]
	at org.apache.tomcat.util.threads.TaskThread$WrappingRunnable.run(TaskThread.java:61) [tomcat-util-9.0.16.jar:9.0.16]
	at java.lang.Thread.run(Thread.java:748) [?:1.8.0_181]
Caused by: org.apache.geronimo.transaction.manager.SetRollbackOnlyException: setRollbackOnly() called.  See stacktrace for origin
	at org.apache.geronimo.transaction.manager.TransactionImpl.setRollbackOnly(TransactionImpl.java:126) ~[geronimo-transaction-3.1.4.jar:3.1.4]
	at org.apache.geronimo.transaction.manager.TransactionManagerImpl.setRollbackOnly(TransactionManagerImpl.java:243) ~[geronimo-transaction-3.1.4.jar:3.1.4]
	at org.apache.ofbiz.entity.transaction.TransactionUtil.setRollbackOnly(TransactionUtil.java:360) ~[ofbiz.jar:?]
	at org.apache.ofbiz.entity.jdbc.SQLProcessor.rollback(SQLProcessor.java:185) ~[ofbiz.jar:?]
	at org.apache.ofbiz.entity.datasource.GenericDAO.insert(GenericDAO.java:112) ~[ofbiz.jar:?]
	at org.apache.ofbiz.entity.datasource.GenericHelperDAO.create(GenericHelperDAO.java:65) ~[ofbiz.jar:?]
	at org.apache.ofbiz.entity.GenericDelegator.create(GenericDelegator.java:852) ~[ofbiz.jar:?]
	at com.patanjali.order.ImportParty.tobestore(ImportParty.java:73) ~[ofbiz.jar:?]
	at com.patanjali.order.ImportParty.importParty(ImportParty.java:50) ~[ofbiz.jar:?]
	at sun.reflect.NativeMethodAccessorImpl.invoke0(Native Method) ~[?:1.8.0_181]
	at sun.reflect.NativeMethodAccessorImpl.invoke(NativeMethodAccessorImpl.java:62) ~[?:1.8.0_181]
	at sun.reflect.DelegatingMethodAccessorImpl.invoke(DelegatingMethodAccessorImpl.java:43) ~[?:1.8.0_181]
	at java.lang.reflect.Method.invoke(Method.java:498) ~[?:1.8.0_181]
	at org.apache.ofbiz.service.engine.StandardJavaEngine.serviceInvoker(StandardJavaEngine.java:100) ~[ofbiz.jar:?]
	at org.apache.ofbiz.service.engine.StandardJavaEngine.runSync(StandardJavaEngine.java:57) ~[ofbiz.jar:?]
	at org.apache.ofbiz.service.ServiceDispatcher.runSync(ServiceDispatcher.java:415) ~[ofbiz.jar:?]
	at org.apache.ofbiz.service.ServiceDispatcher.runSync(ServiceDispatcher.java:240) ~[ofbiz.jar:?]
	at org.apache.ofbiz.service.GenericDispatcherFactory$GenericDispatcher.runSync(GenericDispatcherFactory.java:88) ~[ofbiz.jar:?]
	at org.apache.ofbiz.webapp.event.CoreEvents.scheduleService(CoreEvents.java:331) ~[ofbiz.jar:?]
	at sun.reflect.NativeMethodAccessorImpl.invoke0(Native Method) ~[?:1.8.0_181]
	at sun.reflect.NativeMethodAccessorImpl.invoke(NativeMethodAccessorImpl.java:62) ~[?:1.8.0_181]
	at sun.reflect.DelegatingMethodAccessorImpl.invoke(DelegatingMethodAccessorImpl.java:43) ~[?:1.8.0_181]
	at java.lang.reflect.Method.invoke(Method.java:498) ~[?:1.8.0_181]
	at org.apache.ofbiz.webapp.event.JavaEventHandler.invoke(JavaEventHandler.java:86) ~[ofbiz.jar:?]
	... 32 more
2019-08-30 14:46:32,901 |jsse-nio-8443-exec-4 |JavaEventHandler              |E| null
org.apache.ofbiz.entity.transaction.GenericTransactionException: Roll back error, could not commit transaction, was rolled back instead because of: rollback called in Entity Engine SQLProcessorjava.lang.Exception: Current Location Stack (Current Location Stack)
	at org.apache.ofbiz.entity.transaction.TransactionUtil.commit(TransactionUtil.java:262) ~[ofbiz.jar:?]
	at org.apache.ofbiz.entity.transaction.TransactionUtil.commit(TransactionUtil.java:226) ~[ofbiz.jar:?]
	at org.apache.ofbiz.webapp.event.JavaEventHandler.invoke(JavaEventHandler.java:104) [ofbiz.jar:?]
	at org.apache.ofbiz.webapp.control.RequestHandler.runEvent(RequestHandler.java:776) [ofbiz.jar:?]
	at org.apache.ofbiz.webapp.control.RequestHandler.doRequest(RequestHandler.java:499) [ofbiz.jar:?]
	at org.apache.ofbiz.webapp.control.ControlServlet.doGet(ControlServlet.java:212) [ofbiz.jar:?]
	at org.apache.ofbiz.webapp.control.ControlServlet.doPost(ControlServlet.java:85) [ofbiz.jar:?]
	at javax.servlet.http.HttpServlet.service(HttpServlet.java:665) [javax.servlet-api-4.0.1.jar:4.0.1]
	at javax.servlet.http.HttpServlet.service(HttpServlet.java:750) [javax.servlet-api-4.0.1.jar:4.0.1]
	at org.apache.catalina.core.ApplicationFilterChain.internalDoFilter(ApplicationFilterChain.java:231) [tomcat-catalina-9.0.16.jar:9.0.16]
	at org.apache.catalina.core.ApplicationFilterChain.doFilter(ApplicationFilterChain.java:166) [tomcat-catalina-9.0.16.jar:9.0.16]
	at org.apache.ofbiz.webapp.control.ContextFilter.doFilter(ContextFilter.java:191) [ofbiz.jar:?]
	at org.apache.catalina.core.ApplicationFilterChain.internalDoFilter(ApplicationFilterChain.java:193) [tomcat-catalina-9.0.16.jar:9.0.16]
	at org.apache.catalina.core.ApplicationFilterChain.doFilter(ApplicationFilterChain.java:166) [tomcat-catalina-9.0.16.jar:9.0.16]
	at org.apache.ofbiz.webapp.control.ControlFilter.doFilter(ControlFilter.java:156) [ofbiz.jar:?]
	at javax.servlet.http.HttpFilter.doFilter(HttpFilter.java:127) [javax.servlet-api-4.0.1.jar:4.0.1]
	at org.apache.catalina.core.ApplicationFilterChain.internalDoFilter(ApplicationFilterChain.java:193) [tomcat-catalina-9.0.16.jar:9.0.16]
	at org.apache.catalina.core.ApplicationFilterChain.doFilter(ApplicationFilterChain.java:166) [tomcat-catalina-9.0.16.jar:9.0.16]
	at org.apache.catalina.core.StandardWrapperValve.invoke(StandardWrapperValve.java:200) [tomcat-catalina-9.0.16.jar:9.0.16]
	at org.apache.catalina.core.StandardContextValve.invoke(StandardContextValve.java:96) [tomcat-catalina-9.0.16.jar:9.0.16]
	at org.apache.catalina.authenticator.AuthenticatorBase.invoke(AuthenticatorBase.java:490) [tomcat-catalina-9.0.16.jar:9.0.16]
	at org.apache.catalina.core.StandardHostValve.invoke(StandardHostValve.java:139) [tomcat-catalina-9.0.16.jar:9.0.16]
	at org.apache.catalina.valves.ErrorReportValve.invoke(ErrorReportValve.java:92) [tomcat-catalina-9.0.16.jar:9.0.16]
	at org.apache.catalina.core.StandardEngineValve.invoke(StandardEngineValve.java:74) [tomcat-catalina-9.0.16.jar:9.0.16]
	at org.apache.catalina.valves.AbstractAccessLogValve.invoke(AbstractAccessLogValve.java:668) [tomcat-catalina-9.0.16.jar:9.0.16]
	at org.apache.catalina.connector.CoyoteAdapter.service(CoyoteAdapter.java:343) [tomcat-catalina-9.0.16.jar:9.0.16]
	at org.apache.coyote.http11.Http11Processor.service(Http11Processor.java:408) [tomcat-coyote-9.0.16.jar:9.0.16]
	at org.apache.coyote.AbstractProcessorLight.process(AbstractProcessorLight.java:66) [tomcat-coyote-9.0.16.jar:9.0.16]
	at org.apache.coyote.AbstractProtocol$ConnectionHandler.process(AbstractProtocol.java:834) [tomcat-coyote-9.0.16.jar:9.0.16]
	at org.apache.tomcat.util.net.NioEndpoint$SocketProcessor.doRun(NioEndpoint.java:1415) [tomcat-coyote-9.0.16.jar:9.0.16]
	at org.apache.tomcat.util.net.SocketProcessorBase.run(SocketProcessorBase.java:49) [tomcat-coyote-9.0.16.jar:9.0.16]
	at java.util.concurrent.ThreadPoolExecutor.runWorker(ThreadPoolExecutor.java:1149) [?:1.8.0_181]
	at java.util.concurrent.ThreadPoolExecutor$Worker.run(ThreadPoolExecutor.java:624) [?:1.8.0_181]
	at org.apache.tomcat.util.threads.TaskThread$WrappingRunnable.run(TaskThread.java:61) [tomcat-util-9.0.16.jar:9.0.16]
	at java.lang.Thread.run(Thread.java:748) [?:1.8.0_181]
Caused by: java.lang.Exception: Current Location Stack
	at org.apache.ofbiz.entity.jdbc.SQLProcessor.rollback(SQLProcessor.java:185) ~[ofbiz.jar:?]
	at org.apache.ofbiz.entity.datasource.GenericDAO.insert(GenericDAO.java:112) ~[ofbiz.jar:?]
	at org.apache.ofbiz.entity.datasource.GenericHelperDAO.create(GenericHelperDAO.java:65) ~[ofbiz.jar:?]
	at org.apache.ofbiz.entity.GenericDelegator.create(GenericDelegator.java:852) ~[ofbiz.jar:?]
	at com.patanjali.order.ImportParty.tobestore(ImportParty.java:73) ~[ofbiz.jar:?]
	at com.patanjali.order.ImportParty.importParty(ImportParty.java:50) ~[ofbiz.jar:?]
	at sun.reflect.NativeMethodAccessorImpl.invoke0(Native Method) ~[?:1.8.0_181]
	at sun.reflect.NativeMethodAccessorImpl.invoke(NativeMethodAccessorImpl.java:62) ~[?:1.8.0_181]
	at sun.reflect.DelegatingMethodAccessorImpl.invoke(DelegatingMethodAccessorImpl.java:43) ~[?:1.8.0_181]
	at java.lang.reflect.Method.invoke(Method.java:498) ~[?:1.8.0_181]
	at org.apache.ofbiz.service.engine.StandardJavaEngine.serviceInvoker(StandardJavaEngine.java:100) ~[ofbiz.jar:?]
	at org.apache.ofbiz.service.engine.StandardJavaEngine.runSync(StandardJavaEngine.java:57) ~[ofbiz.jar:?]
	at org.apache.ofbiz.service.ServiceDispatcher.runSync(ServiceDispatcher.java:415) ~[ofbiz.jar:?]
	at org.apache.ofbiz.service.ServiceDispatcher.runSync(ServiceDispatcher.java:240) ~[ofbiz.jar:?]
	at org.apache.ofbiz.service.GenericDispatcherFactory$GenericDispatcher.runSync(GenericDispatcherFactory.java:88) ~[ofbiz.jar:?]
	at org.apache.ofbiz.webapp.event.CoreEvents.scheduleService(CoreEvents.java:331) ~[ofbiz.jar:?]
	at sun.reflect.NativeMethodAccessorImpl.invoke0(Native Method) ~[?:1.8.0_181]
	at sun.reflect.NativeMethodAccessorImpl.invoke(NativeMethodAccessorImpl.java:62) ~[?:1.8.0_181]
	at sun.reflect.DelegatingMethodAccessorImpl.invoke(DelegatingMethodAccessorImpl.java:43) ~[?:1.8.0_181]
	at java.lang.reflect.Method.invoke(Method.java:498) ~[?:1.8.0_181]
	at org.apache.ofbiz.webapp.event.JavaEventHandler.invoke(JavaEventHandler.java:86) ~[ofbiz.jar:?]
	... 32 more
2019-08-30 15:55:43,255 |jsse-nio-8443-exec-6 |CategoryServices              |E| null
