2019-08-27 17:47:11,288 |jsse-nio-8443-exec-2 |UtilProperties                |I| ResourceBundle MiniLangErrorUiLabels (en) created in 0.018s with 4 properties
2019-08-27 17:47:11,288 |jsse-nio-8443-exec-2 |ServiceDispatcher             |E| Error in Service [createProduct]: Error trying to begin transaction, could not process method: The current transaction is marked for rollback, not beginning a new transaction and aborting current operation; the rollbackOnly was caused by: rollback called in Entity Engine SQLProcessorjava.lang.Exception: Current Location Stack (Current Location Stack)
2019-08-27 17:47:11,288 |jsse-nio-8443-exec-2 |TransactionUtil               |I| Transaction rollback only not set, rollback only is already set.
2019-08-27 17:47:11,288 |jsse-nio-8443-exec-2 |ServiceDispatcher             |T| Sync service [webtools/createProduct] finished in [20] milliseconds
2019-08-27 17:47:11,289 |jsse-nio-8443-exec-2 |TransactionUtil               |W| Active transaction marked for rollback in place, so no transaction begun; this stack trace shows when the exception began: 
java.lang.Exception: Tx Stack Placeholder
	at org.apache.ofbiz.entity.transaction.TransactionUtil.setTransactionBeginStack(TransactionUtil.java:718) ~[ofbiz.jar:?]
	at org.apache.ofbiz.entity.transaction.TransactionUtil.begin(TransactionUtil.java:148) ~[ofbiz.jar:?]
	at org.apache.ofbiz.webapp.event.JavaEventHandler.invoke(JavaEventHandler.java:83) [ofbiz.jar:?]
	at org.apache.ofbiz.webapp.control.RequestHandler.runEvent(RequestHandler.java:776) [ofbiz.jar:?]
	at org.apache.ofbiz.webapp.control.RequestHandler.doRequest(RequestHandler.java:499) [ofbiz.jar:?]
	at org.apache.ofbiz.webapp.control.ControlServlet.doGet(ControlServlet.java:212) [ofbiz.jar:?]
	at org.apache.ofbiz.webapp.control.ControlServlet.doPost(ControlServlet.java:85) [ofbiz.jar:?]
	at javax.servlet.http.HttpServlet.service(HttpServlet.java:665) [javax.servlet-api-4.0.1.jar:4.0.1]
	at javax.servlet.http.HttpServlet.service(HttpServlet.java:750) [javax.servlet-api-4.0.1.jar:4.0.1]
	at org.apache.catalina.core.ApplicationFilterChain.internalDoFilter(ApplicationFilterChain.java:231) [tomcat-catalina-9.0.16.jar:9.0.16]
	at org.apache.catalina.core.ApplicationFilterChain.doFilter(ApplicationFilterChain.java:166) [tomcat-catalina-9.0.16.jar:9.0.16]
	at org.apache.ofbiz.webapp.control.ContextFilter.doFilter(ContextFilter.java:191) [ofbiz.jar:?]
	at org.apache.catalina.core.ApplicationFilterChain.internalDoFilter(ApplicationFilterChain.java:193) [tomcat-catalina-9.0.16.jar:9.0.16]
	at org.apache.catalina.core.ApplicationFilterChain.doFilter(ApplicationFilterChain.java:166) [tomcat-catalina-9.0.16.jar:9.0.16]
	at org.apache.ofbiz.webapp.control.ControlFilter.doFilter(ControlFilter.java:156) [ofbiz.jar:?]
	at javax.servlet.http.HttpFilter.doFilter(HttpFilter.java:127) [javax.servlet-api-4.0.1.jar:4.0.1]
	at org.apache.catalina.core.ApplicationFilterChain.internalDoFilter(ApplicationFilterChain.java:193) [tomcat-catalina-9.0.16.jar:9.0.16]
	at org.apache.catalina.core.ApplicationFilterChain.doFilter(ApplicationFilterChain.java:166) [tomcat-catalina-9.0.16.jar:9.0.16]
	at org.apache.catalina.core.StandardWrapperValve.invoke(StandardWrapperValve.java:200) [tomcat-catalina-9.0.16.jar:9.0.16]
	at org.apache.catalina.core.StandardContextValve.invoke(StandardContextValve.java:96) [tomcat-catalina-9.0.16.jar:9.0.16]
	at org.apache.catalina.authenticator.AuthenticatorBase.invoke(AuthenticatorBase.java:490) [tomcat-catalina-9.0.16.jar:9.0.16]
	at org.apache.catalina.core.StandardHostValve.invoke(StandardHostValve.java:139) [tomcat-catalina-9.0.16.jar:9.0.16]
	at org.apache.catalina.valves.ErrorReportValve.invoke(ErrorReportValve.java:92) [tomcat-catalina-9.0.16.jar:9.0.16]
	at org.apache.catalina.core.StandardEngineValve.invoke(StandardEngineValve.java:74) [tomcat-catalina-9.0.16.jar:9.0.16]
	at org.apache.catalina.valves.AbstractAccessLogValve.invoke(AbstractAccessLogValve.java:668) [tomcat-catalina-9.0.16.jar:9.0.16]
	at org.apache.catalina.connector.CoyoteAdapter.service(CoyoteAdapter.java:343) [tomcat-catalina-9.0.16.jar:9.0.16]
	at org.apache.coyote.http11.Http11Processor.service(Http11Processor.java:408) [tomcat-coyote-9.0.16.jar:9.0.16]
	at org.apache.coyote.AbstractProcessorLight.process(AbstractProcessorLight.java:66) [tomcat-coyote-9.0.16.jar:9.0.16]
	at org.apache.coyote.AbstractProtocol$ConnectionHandler.process(AbstractProtocol.java:834) [tomcat-coyote-9.0.16.jar:9.0.16]
	at org.apache.tomcat.util.net.NioEndpoint$SocketProcessor.doRun(NioEndpoint.java:1415) [tomcat-coyote-9.0.16.jar:9.0.16]
	at org.apache.tomcat.util.net.SocketProcessorBase.run(SocketProcessorBase.java:49) [tomcat-coyote-9.0.16.jar:9.0.16]
	at java.util.concurrent.ThreadPoolExecutor.runWorker(ThreadPoolExecutor.java:1149) [?:1.8.0_181]
	at java.util.concurrent.ThreadPoolExecutor$Worker.run(ThreadPoolExecutor.java:624) [?:1.8.0_181]
	at org.apache.tomcat.util.threads.TaskThread$WrappingRunnable.run(TaskThread.java:61) [tomcat-util-9.0.16.jar:9.0.16]
	at java.lang.Thread.run(Thread.java:748) [?:1.8.0_181]
2019-08-27 17:47:11,290 |jsse-nio-8443-exec-2 |ServiceDispatcher             |E| Error in Service [createProduct]: Error trying to begin transaction, could not process method: The current transaction is marked for rollback, not beginning a new transaction and aborting current operation; the rollbackOnly was caused by: rollback called in Entity Engine SQLProcessorjava.lang.Exception: Current Location Stack (Current Location Stack)
2019-08-27 17:47:11,290 |jsse-nio-8443-exec-2 |TransactionUtil               |I| Transaction rollback only not set, rollback only is already set.
2019-08-27 17:47:11,290 |jsse-nio-8443-exec-2 |ServiceDispatcher             |T| Sync service [webtools/createProduct] finished in [1] milliseconds
2019-08-27 17:47:11,291 |jsse-nio-8443-exec-2 |TransactionUtil               |W| Active transaction marked for rollback in place, so no transaction begun; this stack trace shows when the exception began: 
java.lang.Exception: Tx Stack Placeholder
	at org.apache.ofbiz.entity.transaction.TransactionUtil.setTransactionBeginStack(TransactionUtil.java:718) ~[ofbiz.jar:?]
	at org.apache.ofbiz.entity.transaction.TransactionUtil.begin(TransactionUtil.java:148) ~[ofbiz.jar:?]
	at org.apache.ofbiz.webapp.event.JavaEventHandler.invoke(JavaEventHandler.java:83) [ofbiz.jar:?]
	at org.apache.ofbiz.webapp.control.RequestHandler.runEvent(RequestHandler.java:776) [ofbiz.jar:?]
	at org.apache.ofbiz.webapp.control.RequestHandler.doRequest(RequestHandler.java:499) [ofbiz.jar:?]
	at org.apache.ofbiz.webapp.control.ControlServlet.doGet(ControlServlet.java:212) [ofbiz.jar:?]
	at org.apache.ofbiz.webapp.control.ControlServlet.doPost(ControlServlet.java:85) [ofbiz.jar:?]
	at javax.servlet.http.HttpServlet.service(HttpServlet.java:665) [javax.servlet-api-4.0.1.jar:4.0.1]
	at javax.servlet.http.HttpServlet.service(HttpServlet.java:750) [javax.servlet-api-4.0.1.jar:4.0.1]
	at org.apache.catalina.core.ApplicationFilterChain.internalDoFilter(ApplicationFilterChain.java:231) [tomcat-catalina-9.0.16.jar:9.0.16]
	at org.apache.catalina.core.ApplicationFilterChain.doFilter(ApplicationFilterChain.java:166) [tomcat-catalina-9.0.16.jar:9.0.16]
	at org.apache.ofbiz.webapp.control.ContextFilter.doFilter(ContextFilter.java:191) [ofbiz.jar:?]
	at org.apache.catalina.core.ApplicationFilterChain.internalDoFilter(ApplicationFilterChain.java:193) [tomcat-catalina-9.0.16.jar:9.0.16]
	at org.apache.catalina.core.ApplicationFilterChain.doFilter(ApplicationFilterChain.java:166) [tomcat-catalina-9.0.16.jar:9.0.16]
	at org.apache.ofbiz.webapp.control.ControlFilter.doFilter(ControlFilter.java:156) [ofbiz.jar:?]
	at javax.servlet.http.HttpFilter.doFilter(HttpFilter.java:127) [javax.servlet-api-4.0.1.jar:4.0.1]
	at org.apache.catalina.core.ApplicationFilterChain.internalDoFilter(ApplicationFilterChain.java:193) [tomcat-catalina-9.0.16.jar:9.0.16]
	at org.apache.catalina.core.ApplicationFilterChain.doFilter(ApplicationFilterChain.java:166) [tomcat-catalina-9.0.16.jar:9.0.16]
	at org.apache.catalina.core.StandardWrapperValve.invoke(StandardWrapperValve.java:200) [tomcat-catalina-9.0.16.jar:9.0.16]
	at org.apache.catalina.core.StandardContextValve.invoke(StandardContextValve.java:96) [tomcat-catalina-9.0.16.jar:9.0.16]
	at org.apache.catalina.authenticator.AuthenticatorBase.invoke(AuthenticatorBase.java:490) [tomcat-catalina-9.0.16.jar:9.0.16]
	at org.apache.catalina.core.StandardHostValve.invoke(StandardHostValve.java:139) [tomcat-catalina-9.0.16.jar:9.0.16]
	at org.apache.catalina.valves.ErrorReportValve.invoke(ErrorReportValve.java:92) [tomcat-catalina-9.0.16.jar:9.0.16]
	at org.apache.catalina.core.StandardEngineValve.invoke(StandardEngineValve.java:74) [tomcat-catalina-9.0.16.jar:9.0.16]
	at org.apache.catalina.valves.AbstractAccessLogValve.invoke(AbstractAccessLogValve.java:668) [tomcat-catalina-9.0.16.jar:9.0.16]
	at org.apache.catalina.connector.CoyoteAdapter.service(CoyoteAdapter.java:343) [tomcat-catalina-9.0.16.jar:9.0.16]
	at org.apache.coyote.http11.Http11Processor.service(Http11Processor.java:408) [tomcat-coyote-9.0.16.jar:9.0.16]
	at org.apache.coyote.AbstractProcessorLight.process(AbstractProcessorLight.java:66) [tomcat-coyote-9.0.16.jar:9.0.16]
	at org.apache.coyote.AbstractProtocol$ConnectionHandler.process(AbstractProtocol.java:834) [tomcat-coyote-9.0.16.jar:9.0.16]
	at org.apache.tomcat.util.net.NioEndpoint$SocketProcessor.doRun(NioEndpoint.java:1415) [tomcat-coyote-9.0.16.jar:9.0.16]
	at org.apache.tomcat.util.net.SocketProcessorBase.run(SocketProcessorBase.java:49) [tomcat-coyote-9.0.16.jar:9.0.16]
	at java.util.concurrent.ThreadPoolExecutor.runWorker(ThreadPoolExecutor.java:1149) [?:1.8.0_181]
	at java.util.concurrent.ThreadPoolExecutor$Worker.run(ThreadPoolExecutor.java:624) [?:1.8.0_181]
	at org.apache.tomcat.util.threads.TaskThread$WrappingRunnable.run(TaskThread.java:61) [tomcat-util-9.0.16.jar:9.0.16]
	at java.lang.Thread.run(Thread.java:748) [?:1.8.0_181]
2019-08-27 17:47:11,291 |jsse-nio-8443-exec-2 |ServiceDispatcher             |E| Error in Service [createProduct]: Error trying to begin transaction, could not process method: The current transaction is marked for rollback, not beginning a new transaction and aborting current operation; the rollbackOnly was caused by: rollback called in Entity Engine SQLProcessorjava.lang.Exception: Current Location Stack (Current Location Stack)
2019-08-27 17:47:11,291 |jsse-nio-8443-exec-2 |TransactionUtil               |I| Transaction rollback only not set, rollback only is already set.
2019-08-27 17:47:11,291 |jsse-nio-8443-exec-2 |ServiceDispatcher             |T| Sync service [webtools/createProduct] finished in [1] milliseconds
2019-08-27 17:47:11,291 |jsse-nio-8443-exec-2 |ServiceDispatcher             |T| Sync service [webtools/importProducts] finished in [615] milliseconds
2019-08-27 17:47:11,329 |jsse-nio-8443-exec-2 |UtilProperties                |I| ResourceBundle WebappUiLabels (en_US) created in 0.038s with 27 properties
2019-08-27 17:47:11,331 |jsse-nio-8443-exec-2 |TransactionUtil               |E| Rollback Only was set when trying to commit transaction here; throwing rollbackOnly cause exception
javax.transaction.RollbackException: Unable to commit: transaction marked for rollback
	at org.apache.geronimo.transaction.manager.TransactionImpl.commit(TransactionImpl.java:272) ~[geronimo-transaction-3.1.4.jar:3.1.4]
	at org.apache.geronimo.transaction.manager.TransactionManagerImpl.commit(TransactionManagerImpl.java:252) ~[geronimo-transaction-3.1.4.jar:3.1.4]
	at org.apache.ofbiz.entity.transaction.TransactionUtil.commit(TransactionUtil.java:240) [ofbiz.jar:?]
	at org.apache.ofbiz.entity.transaction.TransactionUtil.commit(TransactionUtil.java:226) [ofbiz.jar:?]
	at org.apache.ofbiz.webapp.event.JavaEventHandler.invoke(JavaEventHandler.java:104) [ofbiz.jar:?]
	at org.apache.ofbiz.webapp.control.RequestHandler.runEvent(RequestHandler.java:776) [ofbiz.jar:?]
	at org.apache.ofbiz.webapp.control.RequestHandler.doRequest(RequestHandler.java:499) [ofbiz.jar:?]
	at org.apache.ofbiz.webapp.control.ControlServlet.doGet(ControlServlet.java:212) [ofbiz.jar:?]
	at org.apache.ofbiz.webapp.control.ControlServlet.doPost(ControlServlet.java:85) [ofbiz.jar:?]
	at javax.servlet.http.HttpServlet.service(HttpServlet.java:665) [javax.servlet-api-4.0.1.jar:4.0.1]
	at javax.servlet.http.HttpServlet.service(HttpServlet.java:750) [javax.servlet-api-4.0.1.jar:4.0.1]
	at org.apache.catalina.core.ApplicationFilterChain.internalDoFilter(ApplicationFilterChain.java:231) [tomcat-catalina-9.0.16.jar:9.0.16]
	at org.apache.catalina.core.ApplicationFilterChain.doFilter(ApplicationFilterChain.java:166) [tomcat-catalina-9.0.16.jar:9.0.16]
	at org.apache.ofbiz.webapp.control.ContextFilter.doFilter(ContextFilter.java:191) [ofbiz.jar:?]
	at org.apache.catalina.core.ApplicationFilterChain.internalDoFilter(ApplicationFilterChain.java:193) [tomcat-catalina-9.0.16.jar:9.0.16]
	at org.apache.catalina.core.ApplicationFilterChain.doFilter(ApplicationFilterChain.java:166) [tomcat-catalina-9.0.16.jar:9.0.16]
	at org.apache.ofbiz.webapp.control.ControlFilter.doFilter(ControlFilter.java:156) [ofbiz.jar:?]
	at javax.servlet.http.HttpFilter.doFilter(HttpFilter.java:127) [javax.servlet-api-4.0.1.jar:4.0.1]
	at org.apache.catalina.core.ApplicationFilterChain.internalDoFilter(ApplicationFilterChain.java:193) [tomcat-catalina-9.0.16.jar:9.0.16]
	at org.apache.catalina.core.ApplicationFilterChain.doFilter(ApplicationFilterChain.java:166) [tomcat-catalina-9.0.16.jar:9.0.16]
	at org.apache.catalina.core.StandardWrapperValve.invoke(StandardWrapperValve.java:200) [tomcat-catalina-9.0.16.jar:9.0.16]
	at org.apache.catalina.core.StandardContextValve.invoke(StandardContextValve.java:96) [tomcat-catalina-9.0.16.jar:9.0.16]
	at org.apache.catalina.authenticator.AuthenticatorBase.invoke(AuthenticatorBase.java:490) [tomcat-catalina-9.0.16.jar:9.0.16]
	at org.apache.catalina.core.StandardHostValve.invoke(StandardHostValve.java:139) [tomcat-catalina-9.0.16.jar:9.0.16]
	at org.apache.catalina.valves.ErrorReportValve.invoke(ErrorReportValve.java:92) [tomcat-catalina-9.0.16.jar:9.0.16]
	at org.apache.catalina.core.StandardEngineValve.invoke(StandardEngineValve.java:74) [tomcat-catalina-9.0.16.jar:9.0.16]
	at org.apache.catalina.valves.AbstractAccessLogValve.invoke(AbstractAccessLogValve.java:668) [tomcat-catalina-9.0.16.jar:9.0.16]
	at org.apache.catalina.connector.CoyoteAdapter.service(CoyoteAdapter.java:343) [tomcat-catalina-9.0.16.jar:9.0.16]
	at org.apache.coyote.http11.Http11Processor.service(Http11Processor.java:408) [tomcat-coyote-9.0.16.jar:9.0.16]
	at org.apache.coyote.AbstractProcessorLight.process(AbstractProcessorLight.java:66) [tomcat-coyote-9.0.16.jar:9.0.16]
	at org.apache.coyote.AbstractProtocol$ConnectionHandler.process(AbstractProtocol.java:834) [tomcat-coyote-9.0.16.jar:9.0.16]
	at org.apache.tomcat.util.net.NioEndpoint$SocketProcessor.doRun(NioEndpoint.java:1415) [tomcat-coyote-9.0.16.jar:9.0.16]
	at org.apache.tomcat.util.net.SocketProcessorBase.run(SocketProcessorBase.java:49) [tomcat-coyote-9.0.16.jar:9.0.16]
	at java.util.concurrent.ThreadPoolExecutor.runWorker(ThreadPoolExecutor.java:1149) [?:1.8.0_181]
	at java.util.concurrent.ThreadPoolExecutor$Worker.run(ThreadPoolExecutor.java:624) [?:1.8.0_181]
	at org.apache.tomcat.util.threads.TaskThread$WrappingRunnable.run(TaskThread.java:61) [tomcat-util-9.0.16.jar:9.0.16]
	at java.lang.Thread.run(Thread.java:748) [?:1.8.0_181]
Caused by: org.apache.geronimo.transaction.manager.SetRollbackOnlyException: setRollbackOnly() called.  See stacktrace for origin
	at org.apache.geronimo.transaction.manager.TransactionImpl.setRollbackOnly(TransactionImpl.java:126) ~[geronimo-transaction-3.1.4.jar:3.1.4]
	at org.apache.geronimo.transaction.manager.TransactionManagerImpl.setRollbackOnly(TransactionManagerImpl.java:243) ~[geronimo-transaction-3.1.4.jar:3.1.4]
	at org.apache.ofbiz.entity.transaction.TransactionUtil.setRollbackOnly(TransactionUtil.java:360) ~[ofbiz.jar:?]
	at org.apache.ofbiz.entity.jdbc.SQLProcessor.rollback(SQLProcessor.java:185) ~[ofbiz.jar:?]
	at org.apache.ofbiz.entity.datasource.GenericDAO.insert(GenericDAO.java:112) ~[ofbiz.jar:?]
	at org.apache.ofbiz.entity.datasource.GenericHelperDAO.create(GenericHelperDAO.java:65) ~[ofbiz.jar:?]
	at org.apache.ofbiz.entity.GenericDelegator.create(GenericDelegator.java:852) ~[ofbiz.jar:?]
	at org.apache.ofbiz.minilang.method.entityops.CreateValue.exec(CreateValue.java:73) ~[ofbiz.jar:?]
	at org.apache.ofbiz.minilang.SimpleMethod.runSubOps(SimpleMethod.java:310) ~[ofbiz.jar:?]
	at org.apache.ofbiz.minilang.SimpleMethod.exec(SimpleMethod.java:457) ~[ofbiz.jar:?]
	at org.apache.ofbiz.minilang.SimpleMethod.runSimpleMethod(SimpleMethod.java:274) ~[ofbiz.jar:?]
	at org.apache.ofbiz.minilang.SimpleMethod.runSimpleService(SimpleMethod.java:293) ~[ofbiz.jar:?]
	at org.apache.ofbiz.minilang.SimpleServiceEngine.serviceInvoker(SimpleServiceEngine.java:79) ~[ofbiz.jar:?]
	at org.apache.ofbiz.minilang.SimpleServiceEngine.runSync(SimpleServiceEngine.java:48) ~[ofbiz.jar:?]
	at org.apache.ofbiz.service.ServiceDispatcher.runSync(ServiceDispatcher.java:415) ~[ofbiz.jar:?]
	at org.apache.ofbiz.service.ServiceDispatcher.runSync(ServiceDispatcher.java:240) ~[ofbiz.jar:?]
	at org.apache.ofbiz.service.GenericDispatcherFactory$GenericDispatcher.runSync(GenericDispatcherFactory.java:88) ~[ofbiz.jar:?]
	at com.patanjali.order.ImportProduct.importProducts(ImportProduct.java:54) ~[ofbiz.jar:?]
	at sun.reflect.NativeMethodAccessorImpl.invoke0(Native Method) ~[?:1.8.0_181]
	at sun.reflect.NativeMethodAccessorImpl.invoke(NativeMethodAccessorImpl.java:62) ~[?:1.8.0_181]
	at sun.reflect.DelegatingMethodAccessorImpl.invoke(DelegatingMethodAccessorImpl.java:43) ~[?:1.8.0_181]
	at java.lang.reflect.Method.invoke(Method.java:498) ~[?:1.8.0_181]
	at org.apache.ofbiz.service.engine.StandardJavaEngine.serviceInvoker(StandardJavaEngine.java:100) ~[ofbiz.jar:?]
	at org.apache.ofbiz.service.engine.StandardJavaEngine.runSync(StandardJavaEngine.java:57) ~[ofbiz.jar:?]
	at org.apache.ofbiz.service.ServiceDispatcher.runSync(ServiceDispatcher.java:415) ~[ofbiz.jar:?]
	at org.apache.ofbiz.service.ServiceDispatcher.runSync(ServiceDispatcher.java:240) ~[ofbiz.jar:?]
	at org.apache.ofbiz.service.GenericDispatcherFactory$GenericDispatcher.runSync(GenericDispatcherFactory.java:88) ~[ofbiz.jar:?]
	at org.apache.ofbiz.webapp.event.CoreEvents.scheduleService(CoreEvents.java:331) ~[ofbiz.jar:?]
	at sun.reflect.NativeMethodAccessorImpl.invoke0(Native Method) ~[?:1.8.0_181]
	at sun.reflect.NativeMethodAccessorImpl.invoke(NativeMethodAccessorImpl.java:62) ~[?:1.8.0_181]
	at sun.reflect.DelegatingMethodAccessorImpl.invoke(DelegatingMethodAccessorImpl.java:43) ~[?:1.8.0_181]
	at java.lang.reflect.Method.invoke(Method.java:498) ~[?:1.8.0_181]
	at org.apache.ofbiz.webapp.event.JavaEventHandler.invoke(JavaEventHandler.java:86) ~[ofbiz.jar:?]
	... 32 more
2019-08-27 17:47:11,332 |jsse-nio-8443-exec-2 |JavaEventHandler              |E| null
org.apache.ofbiz.entity.transaction.GenericTransactionException: Roll back error, could not commit transaction, was rolled back instead because of: rollback called in Entity Engine SQLProcessorjava.lang.Exception: Current Location Stack (Current Location Stack)
	at org.apache.ofbiz.entity.transaction.TransactionUtil.commit(TransactionUtil.java:262) ~[ofbiz.jar:?]
	at org.apache.ofbiz.entity.transaction.TransactionUtil.commit(TransactionUtil.java:226) ~[ofbiz.jar:?]
	at org.apache.ofbiz.webapp.event.JavaEventHandler.invoke(JavaEventHandler.java:104) [ofbiz.jar:?]
	at org.apache.ofbiz.webapp.control.RequestHandler.runEvent(RequestHandler.java:776) [ofbiz.jar:?]
	at org.apache.ofbiz.webapp.control.RequestHandler.doRequest(RequestHandler.java:499) [ofbiz.jar:?]
	at org.apache.ofbiz.webapp.control.ControlServlet.doGet(ControlServlet.java:212) [ofbiz.jar:?]
	at org.apache.ofbiz.webapp.control.ControlServlet.doPost(ControlServlet.java:85) [ofbiz.jar:?]
	at javax.servlet.http.HttpServlet.service(HttpServlet.java:665) [javax.servlet-api-4.0.1.jar:4.0.1]
	at javax.servlet.http.HttpServlet.service(HttpServlet.java:750) [javax.servlet-api-4.0.1.jar:4.0.1]
	at org.apache.catalina.core.ApplicationFilterChain.internalDoFilter(ApplicationFilterChain.java:231) [tomcat-catalina-9.0.16.jar:9.0.16]
	at org.apache.catalina.core.ApplicationFilterChain.doFilter(ApplicationFilterChain.java:166) [tomcat-catalina-9.0.16.jar:9.0.16]
	at org.apache.ofbiz.webapp.control.ContextFilter.doFilter(ContextFilter.java:191) [ofbiz.jar:?]
	at org.apache.catalina.core.ApplicationFilterChain.internalDoFilter(ApplicationFilterChain.java:193) [tomcat-catalina-9.0.16.jar:9.0.16]
	at org.apache.catalina.core.ApplicationFilterChain.doFilter(ApplicationFilterChain.java:166) [tomcat-catalina-9.0.16.jar:9.0.16]
	at org.apache.ofbiz.webapp.control.ControlFilter.doFilter(ControlFilter.java:156) [ofbiz.jar:?]
	at javax.servlet.http.HttpFilter.doFilter(HttpFilter.java:127) [javax.servlet-api-4.0.1.jar:4.0.1]
	at org.apache.catalina.core.ApplicationFilterChain.internalDoFilter(ApplicationFilterChain.java:193) [tomcat-catalina-9.0.16.jar:9.0.16]
	at org.apache.catalina.core.ApplicationFilterChain.doFilter(ApplicationFilterChain.java:166) [tomcat-catalina-9.0.16.jar:9.0.16]
	at org.apache.catalina.core.StandardWrapperValve.invoke(StandardWrapperValve.java:200) [tomcat-catalina-9.0.16.jar:9.0.16]
	at org.apache.catalina.core.StandardContextValve.invoke(StandardContextValve.java:96) [tomcat-catalina-9.0.16.jar:9.0.16]
	at org.apache.catalina.authenticator.AuthenticatorBase.invoke(AuthenticatorBase.java:490) [tomcat-catalina-9.0.16.jar:9.0.16]
	at org.apache.catalina.core.StandardHostValve.invoke(StandardHostValve.java:139) [tomcat-catalina-9.0.16.jar:9.0.16]
	at org.apache.catalina.valves.ErrorReportValve.invoke(ErrorReportValve.java:92) [tomcat-catalina-9.0.16.jar:9.0.16]
	at org.apache.catalina.core.StandardEngineValve.invoke(StandardEngineValve.java:74) [tomcat-catalina-9.0.16.jar:9.0.16]
	at org.apache.catalina.valves.AbstractAccessLogValve.invoke(AbstractAccessLogValve.java:668) [tomcat-catalina-9.0.16.jar:9.0.16]
	at org.apache.catalina.connector.CoyoteAdapter.service(CoyoteAdapter.java:343) [tomcat-catalina-9.0.16.jar:9.0.16]
	at org.apache.coyote.http11.Http11Processor.service(Http11Processor.java:408) [tomcat-coyote-9.0.16.jar:9.0.16]
	at org.apache.coyote.AbstractProcessorLight.process(AbstractProcessorLight.java:66) [tomcat-coyote-9.0.16.jar:9.0.16]
	at org.apache.coyote.AbstractProtocol$ConnectionHandler.process(AbstractProtocol.java:834) [tomcat-coyote-9.0.16.jar:9.0.16]
	at org.apache.tomcat.util.net.NioEndpoint$SocketProcessor.doRun(NioEndpoint.java:1415) [tomcat-coyote-9.0.16.jar:9.0.16]
	at org.apache.tomcat.util.net.SocketProcessorBase.run(SocketProcessorBase.java:49) [tomcat-coyote-9.0.16.jar:9.0.16]
	at java.util.concurrent.ThreadPoolExecutor.runWorker(ThreadPoolExecutor.java:1149) [?:1.8.0_181]
	at java.util.concurrent.ThreadPoolExecutor$Worker.run(ThreadPoolExecutor.java:624) [?:1.8.0_181]
	at org.apache.tomcat.util.threads.TaskThread$WrappingRunnable.run(TaskThread.java:61) [tomcat-util-9.0.16.jar:9.0.16]
	at java.lang.Thread.run(Thread.java:748) [?:1.8.0_181]
Caused by: java.lang.Exception: Current Location Stack
	at org.apache.ofbiz.entity.jdbc.SQLProcessor.rollback(SQLProcessor.java:185) ~[ofbiz.jar:?]
	at org.apache.ofbiz.entity.datasource.GenericDAO.insert(GenericDAO.java:112) ~[ofbiz.jar:?]
	at org.apache.ofbiz.entity.datasource.GenericHelperDAO.create(GenericHelperDAO.java:65) ~[ofbiz.jar:?]
	at org.apache.ofbiz.entity.GenericDelegator.create(GenericDelegator.java:852) ~[ofbiz.jar:?]
	at org.apache.ofbiz.minilang.method.entityops.CreateValue.exec(CreateValue.java:73) ~[ofbiz.jar:?]
	at org.apache.ofbiz.minilang.SimpleMethod.runSubOps(SimpleMethod.java:310) ~[ofbiz.jar:?]
	at org.apache.ofbiz.minilang.SimpleMethod.exec(SimpleMethod.java:457) ~[ofbiz.jar:?]
	at org.apache.ofbiz.minilang.SimpleMethod.runSimpleMethod(SimpleMethod.java:274) ~[ofbiz.jar:?]
	at org.apache.ofbiz.minilang.SimpleMethod.runSimpleService(SimpleMethod.java:293) ~[ofbiz.jar:?]
	at org.apache.ofbiz.minilang.SimpleServiceEngine.serviceInvoker(SimpleServiceEngine.java:79) ~[ofbiz.jar:?]
	at org.apache.ofbiz.minilang.SimpleServiceEngine.runSync(SimpleServiceEngine.java:48) ~[ofbiz.jar:?]
	at org.apache.ofbiz.service.ServiceDispatcher.runSync(ServiceDispatcher.java:415) ~[ofbiz.jar:?]
	at org.apache.ofbiz.service.ServiceDispatcher.runSync(ServiceDispatcher.java:240) ~[ofbiz.jar:?]
	at org.apache.ofbiz.service.GenericDispatcherFactory$GenericDispatcher.runSync(GenericDispatcherFactory.java:88) ~[ofbiz.jar:?]
	at com.patanjali.order.ImportProduct.importProducts(ImportProduct.java:54) ~[ofbiz.jar:?]
	at sun.reflect.NativeMethodAccessorImpl.invoke0(Native Method) ~[?:1.8.0_181]
	at sun.reflect.NativeMethodAccessorImpl.invoke(NativeMethodAccessorImpl.java:62) ~[?:1.8.0_181]
	at sun.reflect.DelegatingMethodAccessorImpl.invoke(DelegatingMethodAccessorImpl.java:43) ~[?:1.8.0_181]
	at java.lang.reflect.Method.invoke(Method.java:498) ~[?:1.8.0_181]
	at org.apache.ofbiz.service.engine.StandardJavaEngine.serviceInvoker(StandardJavaEngine.java:100) ~[ofbiz.jar:?]
	at org.apache.ofbiz.service.engine.StandardJavaEngine.runSync(StandardJavaEngine.java:57) ~[ofbiz.jar:?]
	at org.apache.ofbiz.service.ServiceDispatcher.runSync(ServiceDispatcher.java:415) ~[ofbiz.jar:?]
	at org.apache.ofbiz.service.ServiceDispatcher.runSync(ServiceDispatcher.java:240) ~[ofbiz.jar:?]
	at org.apache.ofbiz.service.GenericDispatcherFactory$GenericDispatcher.runSync(GenericDispatcherFactory.java:88) ~[ofbiz.jar:?]
	at org.apache.ofbiz.webapp.event.CoreEvents.scheduleService(CoreEvents.java:331) ~[ofbiz.jar:?]
	at sun.reflect.NativeMethodAccessorImpl.invoke0(Native Method) ~[?:1.8.0_181]
	at sun.reflect.NativeMethodAccessorImpl.invoke(NativeMethodAccessorImpl.java:62) ~[?:1.8.0_181]
	at sun.reflect.DelegatingMethodAccessorImpl.invoke(DelegatingMethodAccessorImpl.java:43) ~[?:1.8.0_181]
	at java.lang.reflect.Method.invoke(Method.java:498) ~[?:1.8.0_181]
	at org.apache.ofbiz.webapp.event.JavaEventHandler.invoke(JavaEventHandler.java:86) ~[ofbiz.jar:?]
	... 32 more
2019-08-27 17:47:11,333 |jsse-nio-8443-exec-2 |RequestHandler                |I| Ran Event [java:org.apache.ofbiz.webapp.event.CoreEvents#scheduleService] from [request], result is [sync_success]
2019-08-27 17:47:11,340 |jsse-nio-8443-exec-2 |RequestHandler                |I| Rendering View [serviceResult].  Hidden sessionId by default.
2019-08-27 17:47:11,341 |jsse-nio-8443-exec-2 |ServiceDispatcher             |T| Sync service [webtools/getUserPreferenceGroup] finished in [1] milliseconds
2019-08-27 17:47:11,412 |jsse-nio-8443-exec-2 |ModelService                  |I| Set default value [SECURITY] for parameter [primaryPermission]
2019-08-27 17:47:11,413 |jsse-nio-8443-exec-2 |Log                           |W| [CommonPermissionServices.xml#genericBasePermissionCheck line 59] This simple-method-call is deprecated! Please use a service-call of genericBasePermissionCheck instead.
2019-08-27 17:47:11,414 |jsse-nio-8443-exec-2 |ServiceDispatcher             |T| Sync service [webtools/securityPermissionCheck] finished in [2] milliseconds
2019-08-27 17:47:11,442 |jsse-nio-8443-exec-2 |ServerHitBin                  |I| Visit delegatorName=default, ServerHitBin delegatorName=default
2019-08-27 17:47:11,463 |jsse-nio-8443-exec-2 |ControlServlet                |T| [[[scheduleServiceSync(Domain:https://localhost)] Request Done- total:0.794,since last([scheduleServiceS...):0.795]]
2019-08-27 17:48:01,029 |Thread-0             |ContainerLoader               |I| Shutting down containers
2019-08-27 17:48:01,030 |Thread-0             |ContainerLoader               |I| Stopping container catalina-container
2019-08-27 17:48:01,054 |Thread-0             |ServiceContainer              |I| Removing from cache dispatcher: catalog
2019-08-27 17:48:01,054 |Thread-0             |ServiceDispatcher             |I| De-Registering dispatcher: catalog
2019-08-27 17:48:01,068 |Thread-0             |ServiceContainer              |I| Removing from cache dispatcher: workeffort
2019-08-27 17:48:01,068 |Thread-0             |ServiceDispatcher             |I| De-Registering dispatcher: workeffort
2019-08-27 17:48:01,071 |Thread-0             |ServiceContainer              |I| Removing from cache dispatcher: accounting
2019-08-27 17:48:01,071 |Thread-0             |ServiceDispatcher             |I| De-Registering dispatcher: accounting
2019-08-27 17:48:01,074 |Thread-0             |ServiceContainer              |I| Removing from cache dispatcher: content
2019-08-27 17:48:01,074 |Thread-0             |ServiceDispatcher             |I| De-Registering dispatcher: content
2019-08-27 17:48:01,084 |Thread-0             |ServiceContainer              |I| Removing from cache dispatcher: patanjali
2019-08-27 17:48:01,084 |Thread-0             |ServiceDispatcher             |I| De-Registering dispatcher: patanjali
2019-08-27 17:48:01,087 |Thread-0             |ServiceContainer              |I| Removing from cache dispatcher: setup
2019-08-27 17:48:01,087 |Thread-0             |ServiceDispatcher             |I| De-Registering dispatcher: setup
2019-08-27 17:48:01,091 |Thread-0             |ServiceContainer              |I| Removing from cache dispatcher: webtools
2019-08-27 17:48:01,091 |Thread-0             |ServiceDispatcher             |I| De-Registering dispatcher: webtools
2019-08-27 17:48:01,096 |Thread-0             |ServiceContainer              |I| Removing from cache dispatcher: manufacturing
2019-08-27 17:48:01,097 |Thread-0             |ServiceDispatcher             |I| De-Registering dispatcher: manufacturing
2019-08-27 17:48:01,105 |Thread-0             |ServiceContainer              |I| Removing from cache dispatcher: order
2019-08-27 17:48:01,105 |Thread-0             |ServiceDispatcher             |I| De-Registering dispatcher: order
2019-08-27 17:48:01,111 |Thread-0             |ServiceContainer              |I| Removing from cache dispatcher: Humanres
2019-08-27 17:48:01,111 |Thread-0             |ServiceDispatcher             |I| De-Registering dispatcher: Humanres
2019-08-27 17:48:01,113 |Thread-0             |ServiceContainer              |I| Removing from cache dispatcher: ap
2019-08-27 17:48:01,114 |Thread-0             |ServiceDispatcher             |I| De-Registering dispatcher: ap
2019-08-27 17:48:01,115 |Thread-0             |ServiceContainer              |I| Removing from cache dispatcher: ar
2019-08-27 17:48:01,115 |Thread-0             |ServiceDispatcher             |I| De-Registering dispatcher: ar
2019-08-27 17:48:01,119 |Thread-0             |ServiceContainer              |I| Removing from cache dispatcher: marketing
2019-08-27 17:48:01,119 |Thread-0             |ServiceDispatcher             |I| De-Registering dispatcher: marketing
2019-08-27 17:48:01,121 |Thread-0             |ServiceContainer              |I| Removing from cache dispatcher: ical
2019-08-27 17:48:01,121 |Thread-0             |ServiceDispatcher             |I| De-Registering dispatcher: ical
2019-08-27 17:48:01,124 |Thread-0             |ServiceContainer              |I| Removing from cache dispatcher: sfa
2019-08-27 17:48:01,125 |Thread-0             |ServiceDispatcher             |I| De-Registering dispatcher: sfa
2019-08-27 17:48:01,128 |Thread-0             |ServiceContainer              |I| Removing from cache dispatcher: accounts
2019-08-27 17:48:01,128 |Thread-0             |ServiceDispatcher             |I| De-Registering dispatcher: accounts
2019-08-27 17:48:01,130 |Thread-0             |ServiceContainer              |I| Removing from cache dispatcher: facility
2019-08-27 17:48:01,130 |Thread-0             |ServiceDispatcher             |I| De-Registering dispatcher: facility
2019-08-27 17:48:01,132 |Thread-0             |ServiceContainer              |I| Removing from cache dispatcher: partymgr
2019-08-27 17:48:01,132 |Thread-0             |ServiceDispatcher             |I| De-Registering dispatcher: partymgr
2019-08-27 17:48:01,137 |Thread-0             |ContainerLoader               |I| Stopped container catalina-container
2019-08-27 17:48:01,137 |Thread-0             |ContainerLoader               |I| Stopping container service-container
2019-08-27 17:48:01,137 |Thread-0             |JobPoller                     |I| Shutting down JobPoller.
2019-08-27 17:48:01,138 |OFBiz-JobPoller      |JobPoller                     |I| JobPoller thread stopped.
2019-08-27 17:48:01,138 |Thread-0             |JobPoller                     |I| JobPoller shutdown completed.
2019-08-27 17:48:01,138 |Thread-0             |ServiceContainer              |I| Removing from cache dispatcher: default
2019-08-27 17:48:01,138 |Thread-0             |ServiceDispatcher             |I| De-Registering dispatcher: default
2019-08-27 17:48:01,138 |Thread-0             |ServiceContainer              |I| Removing from cache dispatcher: entity-default
2019-08-27 17:48:01,138 |Thread-0             |ServiceDispatcher             |I| De-Registering dispatcher: entity-default
2019-08-27 17:48:01,138 |Thread-0             |ServiceDispatcher             |I| Shutting down the service engine...
2019-08-27 17:48:01,138 |Thread-0             |ContainerLoader               |I| Stopped container service-container
2019-08-27 17:48:01,138 |Thread-0             |ContainerLoader               |I| Stopping container delegator-container
2019-08-27 17:48:01,138 |Thread-0             |ContainerLoader               |I| Stopped container delegator-container
2019-08-27 17:48:01,138 |Thread-0             |ContainerLoader               |I| Stopping container component-container
2019-08-27 17:48:01,138 |Thread-0             |ContainerLoader               |I| Stopped container component-container
